[M::bwa_idx_load_from_disk] read 0 ALT contigs
[M::process] read 2196964 sequences (160000054 bp)...
[M::mem_process_seqs] Processed 2196964 reads in 41.636 CPU sec, 2.625 real sec
[M::process] read 2197492 sequences (160000038 bp)...
[M::mem_process_seqs] Processed 2197492 reads in 41.316 CPU sec, 2.560 real sec
[M::process] read 2197862 sequences (160000039 bp)...
[M::mem_process_seqs] Processed 2197862 reads in 40.993 CPU sec, 2.528 real sec
[M::process] read 2194386 sequences (160000145 bp)...
[M::mem_process_seqs] Processed 2194386 reads in 40.363 CPU sec, 2.486 real sec
[M::process] read 2195080 sequences (160000130 bp)...
[M::mem_process_seqs] Processed 2195080 reads in 40.464 CPU sec, 2.495 real sec
[M::process] read 2195266 sequences (160000038 bp)...
[M::mem_process_seqs] Processed 2195266 reads in 39.689 CPU sec, 2.447 real sec
[M::process] read 2198194 sequences (160000147 bp)...
[M::mem_process_seqs] Processed 2198194 reads in 40.917 CPU sec, 2.538 real sec
[M::process] read 2199976 sequences (160000091 bp)...
[M::mem_process_seqs] Processed 2199976 reads in 41.561 CPU sec, 2.559 real sec
[M::process] read 2200458 sequences (160000055 bp)...
[M::mem_process_seqs] Processed 2200458 reads in 41.403 CPU sec, 2.551 real sec
[M::process] read 2194324 sequences (160000029 bp)...
[M::mem_process_seqs] Processed 2194324 reads in 40.548 CPU sec, 2.519 real sec
[M::process] read 2196332 sequences (160000104 bp)...
[M::mem_process_seqs] Processed 2196332 reads in 41.934 CPU sec, 2.596 real sec
[M::process] read 2196662 sequences (160000070 bp)...
[M::process] read 8347 sequences (606725 bp)...
[M::mem_process_seqs] Processed 2196662 reads in 37.764 CPU sec, 2.458 real sec
[M::mem_process_seqs] Processed 8347 reads in 0.176 CPU sec, 0.012 real sec
[main] Version: 0.7.17-r1188
[main] CMD: bwa mem -t 16 /home/dramazzotti/VirMutSig/step1_data_preprocessing/reference/SARS-CoV-2-ANC.fasta /home/dramazzotti/VirMutSig/step1_data_preprocessing/RNAseq/trimmed/SRR11939965/SRR11939965.trim.fastq.gz
[main] Real time: 45.746 sec; CPU: 512.945 sec
[bam_sort_core] merging from 7 files and 1 in-memory blocks...
INFO	2021-05-10 17:25:32	MarkDuplicates	

********** NOTE: Picard's command line syntax is changing.
**********
********** For more information, please see:
********** https://github.com/broadinstitute/picard/wiki/Command-Line-Syntax-Transition-For-Users-(Pre-Transition)
**********
********** The command line looks like this in the new syntax:
**********
**********    MarkDuplicates -I /home/dramazzotti/VirMutSig/step1_data_preprocessing/RNAseq/bamDir/SRR11939965/SRR11939965_aln.sorted.bam -O /home/dramazzotti/VirMutSig/step1_data_preprocessing/RNAseq/bamDir/SRR11939965/SRR11939965_aln.sorted_no_duplicates.bam -M /home/dramazzotti/VirMutSig/step1_data_preprocessing/RNAseq/bamDir/SRR11939965/SRR11939965_aln.sorted_no_duplicates_metrics.txt -REMOVE_DUPLICATES true
**********


17:25:32.677 INFO  NativeLibraryLoader - Loading libgkl_compression.so from jar:file:/home/dramazzotti/.conda/envs/COVID19/share/picard-2.22.1-0/picard.jar!/com/intel/gkl/native/libgkl_compression.so
[Mon May 10 17:25:32 CEST 2021] MarkDuplicates INPUT=[/home/dramazzotti/VirMutSig/step1_data_preprocessing/RNAseq/bamDir/SRR11939965/SRR11939965_aln.sorted.bam] OUTPUT=/home/dramazzotti/VirMutSig/step1_data_preprocessing/RNAseq/bamDir/SRR11939965/SRR11939965_aln.sorted_no_duplicates.bam METRICS_FILE=/home/dramazzotti/VirMutSig/step1_data_preprocessing/RNAseq/bamDir/SRR11939965/SRR11939965_aln.sorted_no_duplicates_metrics.txt REMOVE_DUPLICATES=true    MAX_SEQUENCES_FOR_DISK_READ_ENDS_MAP=50000 MAX_FILE_HANDLES_FOR_READ_ENDS_MAP=8000 SORTING_COLLECTION_SIZE_RATIO=0.25 TAG_DUPLICATE_SET_MEMBERS=false REMOVE_SEQUENCING_DUPLICATES=false TAGGING_POLICY=DontTag CLEAR_DT=true DUPLEX_UMI=false ADD_PG_TAG_TO_READS=true ASSUME_SORTED=false DUPLICATE_SCORING_STRATEGY=SUM_OF_BASE_QUALITIES PROGRAM_RECORD_ID=MarkDuplicates PROGRAM_GROUP_NAME=MarkDuplicates READ_NAME_REGEX=<optimized capture of last three ':' separated fields as numeric values> OPTICAL_DUPLICATE_PIXEL_DISTANCE=100 MAX_OPTICAL_DUPLICATE_SET_SIZE=300000 VERBOSITY=INFO QUIET=false VALIDATION_STRINGENCY=STRICT COMPRESSION_LEVEL=5 MAX_RECORDS_IN_RAM=500000 CREATE_INDEX=false CREATE_MD5_FILE=false GA4GH_CLIENT_SECRETS=client_secrets.json USE_JDK_DEFLATER=false USE_JDK_INFLATER=false
[Mon May 10 17:25:32 CEST 2021] Executing as dramazzotti@giacinto on Linux 4.15.0-141-generic amd64; OpenJDK 64-Bit Server VM 10.0.2+13; Deflater: Intel; Inflater: Intel; Provider GCS is not available; Picard version: 2.22.1
INFO	2021-05-10 17:25:32	MarkDuplicates	Start of doWork freeMemory: 530685520; totalMemory: 536870912; maxMemory: 2147483648
INFO	2021-05-10 17:25:32	MarkDuplicates	Reading input file and constructing read end information.
INFO	2021-05-10 17:25:32	MarkDuplicates	Will retain up to 7780737 data points before spilling to disk.
WARNING	2021-05-10 17:25:32	AbstractOpticalDuplicateFinderCommandLineProgram	A field field parsed out of a read name was expected to contain an integer and did not. Read name: SRR11939965.2562191. Cause: String 'SRR11939965.2562191' did not start with a parsable number.
INFO	2021-05-10 17:25:36	MarkDuplicates	Read     1,000,000 records.  Elapsed time: 00:00:03s.  Time for last 1,000,000:    3s.  Last read position: SARS-CoV-2-ANC:1,256
INFO	2021-05-10 17:25:36	MarkDuplicates	Tracking 0 as yet unmatched pairs. 0 records in RAM.
INFO	2021-05-10 17:25:39	MarkDuplicates	Read     2,000,000 records.  Elapsed time: 00:00:06s.  Time for last 1,000,000:    2s.  Last read position: SARS-CoV-2-ANC:2,480
INFO	2021-05-10 17:25:39	MarkDuplicates	Tracking 0 as yet unmatched pairs. 0 records in RAM.
INFO	2021-05-10 17:25:42	MarkDuplicates	Read     3,000,000 records.  Elapsed time: 00:00:09s.  Time for last 1,000,000:    2s.  Last read position: SARS-CoV-2-ANC:3,690
INFO	2021-05-10 17:25:42	MarkDuplicates	Tracking 0 as yet unmatched pairs. 0 records in RAM.
INFO	2021-05-10 17:25:44	MarkDuplicates	Read     4,000,000 records.  Elapsed time: 00:00:12s.  Time for last 1,000,000:    2s.  Last read position: SARS-CoV-2-ANC:4,810
INFO	2021-05-10 17:25:44	MarkDuplicates	Tracking 0 as yet unmatched pairs. 0 records in RAM.
INFO	2021-05-10 17:25:47	MarkDuplicates	Read     5,000,000 records.  Elapsed time: 00:00:14s.  Time for last 1,000,000:    2s.  Last read position: SARS-CoV-2-ANC:5,891
INFO	2021-05-10 17:25:47	MarkDuplicates	Tracking 0 as yet unmatched pairs. 0 records in RAM.
INFO	2021-05-10 17:25:50	MarkDuplicates	Read     6,000,000 records.  Elapsed time: 00:00:17s.  Time for last 1,000,000:    2s.  Last read position: SARS-CoV-2-ANC:7,268
INFO	2021-05-10 17:25:50	MarkDuplicates	Tracking 0 as yet unmatched pairs. 0 records in RAM.
INFO	2021-05-10 17:25:53	MarkDuplicates	Read     7,000,000 records.  Elapsed time: 00:00:20s.  Time for last 1,000,000:    3s.  Last read position: SARS-CoV-2-ANC:8,762
INFO	2021-05-10 17:25:53	MarkDuplicates	Tracking 0 as yet unmatched pairs. 0 records in RAM.
INFO	2021-05-10 17:25:58	MarkDuplicates	Read     8,000,000 records.  Elapsed time: 00:00:26s.  Time for last 1,000,000:    5s.  Last read position: SARS-CoV-2-ANC:9,964
INFO	2021-05-10 17:25:58	MarkDuplicates	Tracking 0 as yet unmatched pairs. 0 records in RAM.
INFO	2021-05-10 17:26:01	MarkDuplicates	Read     9,000,000 records.  Elapsed time: 00:00:28s.  Time for last 1,000,000:    2s.  Last read position: SARS-CoV-2-ANC:11,077
INFO	2021-05-10 17:26:01	MarkDuplicates	Tracking 0 as yet unmatched pairs. 0 records in RAM.
INFO	2021-05-10 17:26:04	MarkDuplicates	Read    10,000,000 records.  Elapsed time: 00:00:31s.  Time for last 1,000,000:    2s.  Last read position: SARS-CoV-2-ANC:12,233
INFO	2021-05-10 17:26:04	MarkDuplicates	Tracking 0 as yet unmatched pairs. 0 records in RAM.
INFO	2021-05-10 17:26:07	MarkDuplicates	Read    11,000,000 records.  Elapsed time: 00:00:34s.  Time for last 1,000,000:    2s.  Last read position: SARS-CoV-2-ANC:13,184
INFO	2021-05-10 17:26:07	MarkDuplicates	Tracking 0 as yet unmatched pairs. 0 records in RAM.
INFO	2021-05-10 17:26:09	MarkDuplicates	Read    12,000,000 records.  Elapsed time: 00:00:37s.  Time for last 1,000,000:    2s.  Last read position: SARS-CoV-2-ANC:14,195
INFO	2021-05-10 17:26:09	MarkDuplicates	Tracking 0 as yet unmatched pairs. 0 records in RAM.
INFO	2021-05-10 17:26:12	MarkDuplicates	Read    13,000,000 records.  Elapsed time: 00:00:39s.  Time for last 1,000,000:    2s.  Last read position: SARS-CoV-2-ANC:15,254
INFO	2021-05-10 17:26:12	MarkDuplicates	Tracking 0 as yet unmatched pairs. 0 records in RAM.
INFO	2021-05-10 17:26:15	MarkDuplicates	Read    14,000,000 records.  Elapsed time: 00:00:42s.  Time for last 1,000,000:    2s.  Last read position: SARS-CoV-2-ANC:16,154
INFO	2021-05-10 17:26:15	MarkDuplicates	Tracking 0 as yet unmatched pairs. 0 records in RAM.
INFO	2021-05-10 17:26:18	MarkDuplicates	Read    15,000,000 records.  Elapsed time: 00:00:45s.  Time for last 1,000,000:    2s.  Last read position: SARS-CoV-2-ANC:17,028
INFO	2021-05-10 17:26:18	MarkDuplicates	Tracking 0 as yet unmatched pairs. 0 records in RAM.
INFO	2021-05-10 17:26:23	MarkDuplicates	Read    16,000,000 records.  Elapsed time: 00:00:50s.  Time for last 1,000,000:    4s.  Last read position: SARS-CoV-2-ANC:17,861
INFO	2021-05-10 17:26:23	MarkDuplicates	Tracking 0 as yet unmatched pairs. 0 records in RAM.
INFO	2021-05-10 17:26:26	MarkDuplicates	Read    17,000,000 records.  Elapsed time: 00:00:53s.  Time for last 1,000,000:    2s.  Last read position: SARS-CoV-2-ANC:18,965
INFO	2021-05-10 17:26:26	MarkDuplicates	Tracking 0 as yet unmatched pairs. 0 records in RAM.
INFO	2021-05-10 17:26:29	MarkDuplicates	Read    18,000,000 records.  Elapsed time: 00:00:56s.  Time for last 1,000,000:    2s.  Last read position: SARS-CoV-2-ANC:19,903
INFO	2021-05-10 17:26:29	MarkDuplicates	Tracking 0 as yet unmatched pairs. 0 records in RAM.
INFO	2021-05-10 17:26:31	MarkDuplicates	Read    19,000,000 records.  Elapsed time: 00:00:59s.  Time for last 1,000,000:    2s.  Last read position: SARS-CoV-2-ANC:21,009
INFO	2021-05-10 17:26:31	MarkDuplicates	Tracking 0 as yet unmatched pairs. 0 records in RAM.
INFO	2021-05-10 17:26:34	MarkDuplicates	Read    20,000,000 records.  Elapsed time: 00:01:01s.  Time for last 1,000,000:    2s.  Last read position: SARS-CoV-2-ANC:22,068
INFO	2021-05-10 17:26:34	MarkDuplicates	Tracking 0 as yet unmatched pairs. 0 records in RAM.
INFO	2021-05-10 17:26:37	MarkDuplicates	Read    21,000,000 records.  Elapsed time: 00:01:04s.  Time for last 1,000,000:    2s.  Last read position: SARS-CoV-2-ANC:23,258
INFO	2021-05-10 17:26:37	MarkDuplicates	Tracking 0 as yet unmatched pairs. 0 records in RAM.
INFO	2021-05-10 17:26:40	MarkDuplicates	Read    22,000,000 records.  Elapsed time: 00:01:07s.  Time for last 1,000,000:    2s.  Last read position: SARS-CoV-2-ANC:24,423
INFO	2021-05-10 17:26:40	MarkDuplicates	Tracking 0 as yet unmatched pairs. 0 records in RAM.
INFO	2021-05-10 17:26:43	MarkDuplicates	Read    23,000,000 records.  Elapsed time: 00:01:10s.  Time for last 1,000,000:    2s.  Last read position: SARS-CoV-2-ANC:25,787
INFO	2021-05-10 17:26:43	MarkDuplicates	Tracking 0 as yet unmatched pairs. 0 records in RAM.
INFO	2021-05-10 17:26:48	MarkDuplicates	Read    24,000,000 records.  Elapsed time: 00:01:15s.  Time for last 1,000,000:    4s.  Last read position: SARS-CoV-2-ANC:26,919
INFO	2021-05-10 17:26:48	MarkDuplicates	Tracking 0 as yet unmatched pairs. 0 records in RAM.
INFO	2021-05-10 17:26:51	MarkDuplicates	Read    25,000,000 records.  Elapsed time: 00:01:18s.  Time for last 1,000,000:    3s.  Last read position: SARS-CoV-2-ANC:28,007
INFO	2021-05-10 17:26:51	MarkDuplicates	Tracking 0 as yet unmatched pairs. 0 records in RAM.
INFO	2021-05-10 17:26:54	MarkDuplicates	Read    26,000,000 records.  Elapsed time: 00:01:21s.  Time for last 1,000,000:    2s.  Last read position: SARS-CoV-2-ANC:29,157
INFO	2021-05-10 17:26:54	MarkDuplicates	Tracking 0 as yet unmatched pairs. 0 records in RAM.
INFO	2021-05-10 17:26:55	MarkDuplicates	Read 26500907 records. 0 pairs never matched.
INFO	2021-05-10 17:26:56	MarkDuplicates	After buildSortedReadEndLists freeMemory: 496343560; totalMemory: 536870912; maxMemory: 2147483648
INFO	2021-05-10 17:26:56	MarkDuplicates	Will retain up to 67108864 duplicate indices before spilling to disk.
INFO	2021-05-10 17:26:56	MarkDuplicates	Traversing read pair information and detecting duplicates.
INFO	2021-05-10 17:26:56	MarkDuplicates	Traversing fragment information and detecting duplicates.
INFO	2021-05-10 17:27:01	MarkDuplicates	Sorting list of duplicate records.
INFO	2021-05-10 17:27:02	MarkDuplicates	After generateDuplicateIndexes freeMemory: 527925696; totalMemory: 1074790400; maxMemory: 2147483648
INFO	2021-05-10 17:27:02	MarkDuplicates	Marking 26282747 records as duplicates.
INFO	2021-05-10 17:27:02	MarkDuplicates	Found 0 optical duplicate clusters.
INFO	2021-05-10 17:27:02	MarkDuplicates	Reads are assumed to be ordered by: coordinate
INFO	2021-05-10 17:27:32	MarkDuplicates	Writing complete. Closing input iterator.
INFO	2021-05-10 17:27:32	MarkDuplicates	Duplicate Index cleanup.
INFO	2021-05-10 17:27:32	MarkDuplicates	Getting Memory Stats.
INFO	2021-05-10 17:27:32	MarkDuplicates	Before output close freeMemory: 527650816; totalMemory: 536870912; maxMemory: 2147483648
INFO	2021-05-10 17:27:32	MarkDuplicates	Closed outputs. Getting more Memory Stats.
INFO	2021-05-10 17:27:32	MarkDuplicates	After output close freeMemory: 527851808; totalMemory: 536870912; maxMemory: 2147483648
[Mon May 10 17:27:32 CEST 2021] picard.sam.markduplicates.MarkDuplicates done. Elapsed time: 1.99 minutes.
Runtime.totalMemory()=536870912
[M::bwa_idx_load_from_disk] read 0 ALT contigs
[M::process] read 2378792 sequences (160000100 bp)...
[M::mem_process_seqs] Processed 2378792 reads in 71.128 CPU sec, 6.206 real sec
[M::process] read 2384046 sequences (160000091 bp)...
[M::mem_process_seqs] Processed 2384046 reads in 63.224 CPU sec, 3.850 real sec
[M::process] read 2373496 sequences (160000070 bp)...
[M::mem_process_seqs] Processed 2373496 reads in 62.311 CPU sec, 3.772 real sec
[M::process] read 2376206 sequences (160000134 bp)...
[M::mem_process_seqs] Processed 2376206 reads in 59.548 CPU sec, 3.612 real sec
[M::process] read 2380442 sequences (160000008 bp)...
[M::mem_process_seqs] Processed 2380442 reads in 61.549 CPU sec, 3.750 real sec
[M::process] read 2372394 sequences (160000128 bp)...
[M::process] read 2376072 sequences (160000041 bp)...
[M::mem_process_seqs] Processed 2372394 reads in 60.241 CPU sec, 3.661 real sec
[M::mem_process_seqs] Processed 2376072 reads in 62.123 CPU sec, 3.774 real sec
[M::process] read 1055525 sequences (70728410 bp)...
[M::mem_process_seqs] Processed 1055525 reads in 23.691 CPU sec, 1.536 real sec
[main] Version: 0.7.17-r1188
[main] CMD: bwa mem -t 16 /home/dramazzotti/VirMutSig/step1_data_preprocessing/reference/SARS-CoV-2-ANC.fasta /home/dramazzotti/VirMutSig/step1_data_preprocessing/RNAseq/trimmed/SRR12188634/SRR12188634.trim.fastq.gz
[main] Real time: 37.900 sec; CPU: 474.560 sec
[bam_sort_core] merging from 4 files and 1 in-memory blocks...
INFO	2021-05-10 17:35:31	MarkDuplicates	

********** NOTE: Picard's command line syntax is changing.
**********
********** For more information, please see:
********** https://github.com/broadinstitute/picard/wiki/Command-Line-Syntax-Transition-For-Users-(Pre-Transition)
**********
********** The command line looks like this in the new syntax:
**********
**********    MarkDuplicates -I /home/dramazzotti/VirMutSig/step1_data_preprocessing/RNAseq/bamDir/SRR12188634/SRR12188634_aln.sorted.bam -O /home/dramazzotti/VirMutSig/step1_data_preprocessing/RNAseq/bamDir/SRR12188634/SRR12188634_aln.sorted_no_duplicates.bam -M /home/dramazzotti/VirMutSig/step1_data_preprocessing/RNAseq/bamDir/SRR12188634/SRR12188634_aln.sorted_no_duplicates_metrics.txt -REMOVE_DUPLICATES true
**********


17:35:31.523 INFO  NativeLibraryLoader - Loading libgkl_compression.so from jar:file:/home/dramazzotti/.conda/envs/COVID19/share/picard-2.22.1-0/picard.jar!/com/intel/gkl/native/libgkl_compression.so
[Mon May 10 17:35:31 CEST 2021] MarkDuplicates INPUT=[/home/dramazzotti/VirMutSig/step1_data_preprocessing/RNAseq/bamDir/SRR12188634/SRR12188634_aln.sorted.bam] OUTPUT=/home/dramazzotti/VirMutSig/step1_data_preprocessing/RNAseq/bamDir/SRR12188634/SRR12188634_aln.sorted_no_duplicates.bam METRICS_FILE=/home/dramazzotti/VirMutSig/step1_data_preprocessing/RNAseq/bamDir/SRR12188634/SRR12188634_aln.sorted_no_duplicates_metrics.txt REMOVE_DUPLICATES=true    MAX_SEQUENCES_FOR_DISK_READ_ENDS_MAP=50000 MAX_FILE_HANDLES_FOR_READ_ENDS_MAP=8000 SORTING_COLLECTION_SIZE_RATIO=0.25 TAG_DUPLICATE_SET_MEMBERS=false REMOVE_SEQUENCING_DUPLICATES=false TAGGING_POLICY=DontTag CLEAR_DT=true DUPLEX_UMI=false ADD_PG_TAG_TO_READS=true ASSUME_SORTED=false DUPLICATE_SCORING_STRATEGY=SUM_OF_BASE_QUALITIES PROGRAM_RECORD_ID=MarkDuplicates PROGRAM_GROUP_NAME=MarkDuplicates READ_NAME_REGEX=<optimized capture of last three ':' separated fields as numeric values> OPTICAL_DUPLICATE_PIXEL_DISTANCE=100 MAX_OPTICAL_DUPLICATE_SET_SIZE=300000 VERBOSITY=INFO QUIET=false VALIDATION_STRINGENCY=STRICT COMPRESSION_LEVEL=5 MAX_RECORDS_IN_RAM=500000 CREATE_INDEX=false CREATE_MD5_FILE=false GA4GH_CLIENT_SECRETS=client_secrets.json USE_JDK_DEFLATER=false USE_JDK_INFLATER=false
[Mon May 10 17:35:31 CEST 2021] Executing as dramazzotti@giacinto on Linux 4.15.0-141-generic amd64; OpenJDK 64-Bit Server VM 10.0.2+13; Deflater: Intel; Inflater: Intel; Provider GCS is not available; Picard version: 2.22.1
INFO	2021-05-10 17:35:31	MarkDuplicates	Start of doWork freeMemory: 530684840; totalMemory: 536870912; maxMemory: 2147483648
INFO	2021-05-10 17:35:31	MarkDuplicates	Reading input file and constructing read end information.
INFO	2021-05-10 17:35:31	MarkDuplicates	Will retain up to 7780737 data points before spilling to disk.
WARNING	2021-05-10 17:35:31	AbstractOpticalDuplicateFinderCommandLineProgram	A field field parsed out of a read name was expected to contain an integer and did not. Read name: SRR12188634.2379483. Cause: String 'SRR12188634.2379483' did not start with a parsable number.
INFO	2021-05-10 17:35:33	MarkDuplicates	Read 444055 records. 0 pairs never matched.
INFO	2021-05-10 17:35:33	MarkDuplicates	After buildSortedReadEndLists freeMemory: 435750144; totalMemory: 536870912; maxMemory: 2147483648
INFO	2021-05-10 17:35:33	MarkDuplicates	Will retain up to 67108864 duplicate indices before spilling to disk.
INFO	2021-05-10 17:35:33	MarkDuplicates	Traversing read pair information and detecting duplicates.
INFO	2021-05-10 17:35:33	MarkDuplicates	Traversing fragment information and detecting duplicates.
INFO	2021-05-10 17:35:33	MarkDuplicates	Sorting list of duplicate records.
INFO	2021-05-10 17:35:33	MarkDuplicates	After generateDuplicateIndexes freeMemory: 528572616; totalMemory: 1074790400; maxMemory: 2147483648
INFO	2021-05-10 17:35:33	MarkDuplicates	Marking 411999 records as duplicates.
INFO	2021-05-10 17:35:33	MarkDuplicates	Found 0 optical duplicate clusters.
INFO	2021-05-10 17:35:33	MarkDuplicates	Reads are assumed to be ordered by: coordinate
INFO	2021-05-10 17:36:34	MarkDuplicates	Written    10,000,000 records.  Elapsed time: 00:01:00s.  Time for last 10,000,000:   60s.  Last read position: */*
INFO	2021-05-10 17:37:18	MarkDuplicates	Writing complete. Closing input iterator.
INFO	2021-05-10 17:37:18	MarkDuplicates	Duplicate Index cleanup.
INFO	2021-05-10 17:37:18	MarkDuplicates	Getting Memory Stats.
INFO	2021-05-10 17:37:18	MarkDuplicates	Before output close freeMemory: 528253784; totalMemory: 536870912; maxMemory: 2147483648
INFO	2021-05-10 17:37:18	MarkDuplicates	Closed outputs. Getting more Memory Stats.
INFO	2021-05-10 17:37:18	MarkDuplicates	After output close freeMemory: 528253784; totalMemory: 536870912; maxMemory: 2147483648
[Mon May 10 17:37:18 CEST 2021] picard.sam.markduplicates.MarkDuplicates done. Elapsed time: 1.78 minutes.
Runtime.totalMemory()=536870912
[M::bwa_idx_load_from_disk] read 0 ALT contigs
[M::process] read 2408884 sequences (160000008 bp)...
[M::process] read 2416310 sequences (160000128 bp)...
[M::mem_process_seqs] Processed 2408884 reads in 68.633 CPU sec, 6.128 real sec
[M::mem_process_seqs] Processed 2416310 reads in 62.203 CPU sec, 3.800 real sec
[M::process] read 2412734 sequences (160000019 bp)...
[M::process] read 2400902 sequences (160000091 bp)...
[M::mem_process_seqs] Processed 2412734 reads in 62.438 CPU sec, 3.801 real sec
[M::mem_process_seqs] Processed 2400902 reads in 60.254 CPU sec, 3.655 real sec
[M::process] read 2405886 sequences (160000137 bp)...
[M::process] read 2410632 sequences (160000112 bp)...
[M::mem_process_seqs] Processed 2405886 reads in 57.667 CPU sec, 3.515 real sec
[M::mem_process_seqs] Processed 2410632 reads in 59.934 CPU sec, 3.682 real sec
[M::process] read 2407154 sequences (160000071 bp)...
[M::mem_process_seqs] Processed 2407154 reads in 58.785 CPU sec, 3.571 real sec
[M::process] read 2409828 sequences (160000013 bp)...
[M::mem_process_seqs] Processed 2409828 reads in 62.021 CPU sec, 3.763 real sec
[M::process] read 2393876 sequences (160000105 bp)...
[M::process] read 2405682 sequences (160000096 bp)...
[M::mem_process_seqs] Processed 2393876 reads in 57.808 CPU sec, 3.530 real sec
[M::mem_process_seqs] Processed 2405682 reads in 60.167 CPU sec, 3.656 real sec
[M::process] read 1397001 sequences (92516413 bp)...
[M::mem_process_seqs] Processed 1397001 reads in 29.930 CPU sec, 1.946 real sec
[main] Version: 0.7.17-r1188
[main] CMD: bwa mem -t 16 /home/dramazzotti/VirMutSig/step1_data_preprocessing/reference/SARS-CoV-2-ANC.fasta /home/dramazzotti/VirMutSig/step1_data_preprocessing/RNAseq/trimmed/SRR12344340/SRR12344340.trim.fastq.gz
[main] Real time: 52.623 sec; CPU: 655.078 sec
[bam_sort_core] merging from 6 files and 1 in-memory blocks...
INFO	2021-05-10 17:48:12	MarkDuplicates	

********** NOTE: Picard's command line syntax is changing.
**********
********** For more information, please see:
********** https://github.com/broadinstitute/picard/wiki/Command-Line-Syntax-Transition-For-Users-(Pre-Transition)
**********
********** The command line looks like this in the new syntax:
**********
**********    MarkDuplicates -I /home/dramazzotti/VirMutSig/step1_data_preprocessing/RNAseq/bamDir/SRR12344340/SRR12344340_aln.sorted.bam -O /home/dramazzotti/VirMutSig/step1_data_preprocessing/RNAseq/bamDir/SRR12344340/SRR12344340_aln.sorted_no_duplicates.bam -M /home/dramazzotti/VirMutSig/step1_data_preprocessing/RNAseq/bamDir/SRR12344340/SRR12344340_aln.sorted_no_duplicates_metrics.txt -REMOVE_DUPLICATES true
**********


17:48:12.941 INFO  NativeLibraryLoader - Loading libgkl_compression.so from jar:file:/home/dramazzotti/.conda/envs/COVID19/share/picard-2.22.1-0/picard.jar!/com/intel/gkl/native/libgkl_compression.so
[Mon May 10 17:48:12 CEST 2021] MarkDuplicates INPUT=[/home/dramazzotti/VirMutSig/step1_data_preprocessing/RNAseq/bamDir/SRR12344340/SRR12344340_aln.sorted.bam] OUTPUT=/home/dramazzotti/VirMutSig/step1_data_preprocessing/RNAseq/bamDir/SRR12344340/SRR12344340_aln.sorted_no_duplicates.bam METRICS_FILE=/home/dramazzotti/VirMutSig/step1_data_preprocessing/RNAseq/bamDir/SRR12344340/SRR12344340_aln.sorted_no_duplicates_metrics.txt REMOVE_DUPLICATES=true    MAX_SEQUENCES_FOR_DISK_READ_ENDS_MAP=50000 MAX_FILE_HANDLES_FOR_READ_ENDS_MAP=8000 SORTING_COLLECTION_SIZE_RATIO=0.25 TAG_DUPLICATE_SET_MEMBERS=false REMOVE_SEQUENCING_DUPLICATES=false TAGGING_POLICY=DontTag CLEAR_DT=true DUPLEX_UMI=false ADD_PG_TAG_TO_READS=true ASSUME_SORTED=false DUPLICATE_SCORING_STRATEGY=SUM_OF_BASE_QUALITIES PROGRAM_RECORD_ID=MarkDuplicates PROGRAM_GROUP_NAME=MarkDuplicates READ_NAME_REGEX=<optimized capture of last three ':' separated fields as numeric values> OPTICAL_DUPLICATE_PIXEL_DISTANCE=100 MAX_OPTICAL_DUPLICATE_SET_SIZE=300000 VERBOSITY=INFO QUIET=false VALIDATION_STRINGENCY=STRICT COMPRESSION_LEVEL=5 MAX_RECORDS_IN_RAM=500000 CREATE_INDEX=false CREATE_MD5_FILE=false GA4GH_CLIENT_SECRETS=client_secrets.json USE_JDK_DEFLATER=false USE_JDK_INFLATER=false
[Mon May 10 17:48:12 CEST 2021] Executing as dramazzotti@giacinto on Linux 4.15.0-141-generic amd64; OpenJDK 64-Bit Server VM 10.0.2+13; Deflater: Intel; Inflater: Intel; Provider GCS is not available; Picard version: 2.22.1
INFO	2021-05-10 17:48:12	MarkDuplicates	Start of doWork freeMemory: 530685096; totalMemory: 536870912; maxMemory: 2147483648
INFO	2021-05-10 17:48:12	MarkDuplicates	Reading input file and constructing read end information.
INFO	2021-05-10 17:48:12	MarkDuplicates	Will retain up to 7780737 data points before spilling to disk.
WARNING	2021-05-10 17:48:13	AbstractOpticalDuplicateFinderCommandLineProgram	A field field parsed out of a read name was expected to contain an integer and did not. Read name: SRR12344340.8381850. Cause: String 'SRR12344340.8381850' did not start with a parsable number.
INFO	2021-05-10 17:48:13	MarkDuplicates	Read 44911 records. 0 pairs never matched.
INFO	2021-05-10 17:48:13	MarkDuplicates	After buildSortedReadEndLists freeMemory: 464305136; totalMemory: 536870912; maxMemory: 2147483648
INFO	2021-05-10 17:48:13	MarkDuplicates	Will retain up to 67108864 duplicate indices before spilling to disk.
INFO	2021-05-10 17:48:13	MarkDuplicates	Traversing read pair information and detecting duplicates.
INFO	2021-05-10 17:48:13	MarkDuplicates	Traversing fragment information and detecting duplicates.
INFO	2021-05-10 17:48:13	MarkDuplicates	Sorting list of duplicate records.
INFO	2021-05-10 17:48:13	MarkDuplicates	After generateDuplicateIndexes freeMemory: 529884168; totalMemory: 1074790400; maxMemory: 2147483648
INFO	2021-05-10 17:48:13	MarkDuplicates	Marking 26771 records as duplicates.
INFO	2021-05-10 17:48:13	MarkDuplicates	Found 0 optical duplicate clusters.
INFO	2021-05-10 17:48:13	MarkDuplicates	Reads are assumed to be ordered by: coordinate
INFO	2021-05-10 17:49:09	MarkDuplicates	Written    10,000,000 records.  Elapsed time: 00:00:56s.  Time for last 10,000,000:   56s.  Last read position: */*
INFO	2021-05-10 17:50:13	MarkDuplicates	Written    20,000,000 records.  Elapsed time: 00:01:59s.  Time for last 10,000,000:   63s.  Last read position: */*
INFO	2021-05-10 17:50:47	MarkDuplicates	Writing complete. Closing input iterator.
INFO	2021-05-10 17:50:47	MarkDuplicates	Duplicate Index cleanup.
INFO	2021-05-10 17:50:47	MarkDuplicates	Getting Memory Stats.
INFO	2021-05-10 17:50:47	MarkDuplicates	Before output close freeMemory: 529597944; totalMemory: 536870912; maxMemory: 2147483648
INFO	2021-05-10 17:50:47	MarkDuplicates	Closed outputs. Getting more Memory Stats.
INFO	2021-05-10 17:50:47	MarkDuplicates	After output close freeMemory: 529597944; totalMemory: 536870912; maxMemory: 2147483648
[Mon May 10 17:50:47 CEST 2021] picard.sam.markduplicates.MarkDuplicates done. Elapsed time: 2.57 minutes.
Runtime.totalMemory()=536870912
[mpileup] 1 samples in 1 input files
<mpileup> Set max per-file depth to 8000
Min coverage:	8
Min reads2:	2
Min var freq:	0.01
Min avg qual:	15
P-value thresh:	1.0
Reading input from /home/dramazzotti/VirMutSig/step1_data_preprocessing/RNAseq/bamDir/SRR11939965/SRR11939965_aln.sorted_no_duplicates.mpileup
29901 bases in pileup file
29901 met minimum coverage of 8x
160 SNPs predicted
[mpileup] 1 samples in 1 input files
<mpileup> Set max per-file depth to 8000
Min coverage:	8
Min reads2:	2
Min var freq:	0.01
Min avg qual:	15
P-value thresh:	1.0
Reading input from /home/dramazzotti/VirMutSig/step1_data_preprocessing/RNAseq/bamDir/SRR12188634/SRR12188634_aln.sorted_no_duplicates.mpileup
29903 bases in pileup file
29805 met minimum coverage of 8x
69 SNPs predicted
[mpileup] 1 samples in 1 input files
<mpileup> Set max per-file depth to 8000
Min coverage:	8
Min reads2:	2
Min var freq:	0.01
Min avg qual:	15
P-value thresh:	1.0
Reading input from /home/dramazzotti/VirMutSig/step1_data_preprocessing/RNAseq/bamDir/SRR12344340/SRR12344340_aln.sorted_no_duplicates.mpileup
29903 bases in pileup file
29848 met minimum coverage of 8x
25 SNPs predicted
